生成启动时间为 2015/2/16 14:29:03。
     1>项目“F:\CTP-MATLAB\src\tcstock\MyStock.vcxproj”在节点 2 上(Build 个目标)。
     1>C:\Program Files (x86)\MSBuild\Microsoft.Cpp\v4.0\V110\Microsoft.CppBuild.targets(345,5): warning MSB8004: Intermediate Directory does not end with a trailing slash.  This build instance will add the slash as it is required to allow proper evaluation of the Intermediate Directory.
     1>InitializeBuildStatus:
         正在创建“Debug\MyStock.unsuccessfulbuild”，因为已指定“AlwaysCreate”。
       CustomBuild:
         Uic'ing ui\ui_aboutdlg.ui...
         系统找不到指定的路径。
         系统找不到指定的路径。
         Uic'ing ui\ui_dataimptsetupdlg.ui...
         Uic'ing ui\ui_favouritegroupinfodlg.ui...
         系统找不到指定的路径。
         Uic'ing ui\ui_favouriteinfodlg.ui...
         系统找不到指定的路径。
         Uic'ing ui\ui_fxjfileimptsourcedlg.ui...
         系统找不到指定的路径。
         Uic'ing ui\ui_imptprogressdlg.ui...
         系统找不到指定的路径。
         Uic'ing ui\ui_marketinfodlg.ui...
         系统找不到指定的路径。
         Uic'ing ui\ui_marketlistdlg.ui...
         系统找不到指定的路径。
         Uic'ing ui\ui_marketselectdlg.ui...
         系统找不到指定的路径。
         Uic'ing ui\ui_sinawebimptsourcedlg.ui...
         系统找不到指定的路径。
         Uic'ing ui\ui_stockdatainfodlg.ui...
         系统找不到指定的路径。
         Uic'ing ui\ui_stockinfodlg.ui...
         Uic'ing ui\ui_stocklistallwgt.ui...
         系统找不到指定的路径。
         系统找不到指定的路径。
         Uic'ing ui\ui_stocklistfavtwgt.ui...
         Uic'ing ui\ui_stocklistwgt.ui...
         系统找不到指定的路径。
         系统找不到指定的路径。
         Uic'ing ui\ui_stockselectdlg.ui...
         系统找不到指定的路径。
         Uic'ing ui\ui_toolpadwgt.ui...
         Uic'ing ui\ui_yahoowebimptsourcedlg.ui...
         系统找不到指定的路径。
         系统找不到指定的路径。
         Moc'ing tcaboutdlg.h...
         系统找不到指定的路径。
         Moc'ing tcdailyviewwgt.h...
         系统找不到指定的路径。
         Moc'ing quazipfile.h...
         系统找不到指定的路径。
         Performing Custom Build Tools
         系统找不到指定的路径。
         Performing Custom Build Tools
         系统找不到指定的路径。
         Moc'ing tcweeklyviewmodel.h...
         系统找不到指定的路径。
         Moc'ing tcweekly2viewmodel.h...
         系统找不到指定的路径。
         Moc'ing tcviewmodel.h...
         系统找不到指定的路径。
         Moc'ing tcmonthlyviewmodel.h...
         Moc'ing tcdailyviewmodel.h...
         系统找不到指定的路径。
         系统找不到指定的路径。
         Moc'ing tcobjsvc.h...
         系统找不到指定的路径。
         Moc'ing tclogsvc.h...
         系统找不到指定的路径。
         Moc'ing tccfgsvc.h...
         系统找不到指定的路径。
         Moc'ing tcstockselectdlg.h...
         系统找不到指定的路径。
         Moc'ing tcstockmgr.h...
         系统找不到指定的路径。
         Moc'ing tcstockinfolst.h...
         系统找不到指定的路径。
         Moc'ing tcstockinfodlg.h...
         系统找不到指定的路径。
         Moc'ing tcstockinfo.h...
         系统找不到指定的路径。
         Moc'ing tcstockdataitemmdl.h...
         系统找不到指定的路径。
         Moc'ing tcstockdataitemdlt.h...
         系统找不到指定的路径。
         Moc'ing tcstockdatainfodlg.h...
         系统找不到指定的路径。
         Moc'ing tcstockdatacache.h...
         系统找不到指定的路径。
         Moc'ing tcstockdata.h...
         系统找不到指定的路径。
         系统找不到指定的路径。
         Moc'ing tcstock.h...
         Moc'ing tcnullstock.h...
         系统找不到指定的路径。
         Moc'ing tcmarketselectdlg.h...
         系统找不到指定的路径。
         Moc'ing tcmarketmgr.h...
         系统找不到指定的路径。
         Moc'ing tcmarketlistdlg.h...
         系统找不到指定的路径。
         Moc'ing tcmarketinfodlg.h...
         系统找不到指定的路径。
         Moc'ing tcmarket.h...
         系统找不到指定的路径。
         Moc'ing tcfavtmgr.h...
         系统找不到指定的路径。
         Moc'ing tcfavtinfomdl.h...
         系统找不到指定的路径。
         Moc'ing tcfavtinfodlt.h...
         系统找不到指定的路径。
         Moc'ing tcfavtinfodlg.h...
         系统找不到指定的路径。
         Moc'ing tcfavtgrpinfodlg.h...
         系统找不到指定的路径。
         Moc'ing tcfavtgrp.h...
         系统找不到指定的路径。
         Moc'ing tcviewstockgroup.h...
         系统找不到指定的路径。
         Moc'ing tcviewquantitygroup.h...
         系统找不到指定的路径。
         Moc'ing tcviewquantity.h...
         系统找不到指定的路径。
         Moc'ing tcviewentitygroup.h...
         系统找不到指定的路径。
         Moc'ing tcviewentity.h...
         系统找不到指定的路径。
         Moc'ing tcstockview.h...
         系统找不到指定的路径。
         Moc'ing tcstockscene.h...
         系统找不到指定的路径。
         Moc'ing tcqianlongimpt.h...
         系统找不到指定的路径。
         Moc'ing tcyahoowebimptsourcedlg.h...
         系统找不到指定的路径。
         Moc'ing tcyahoowebimptsource.h...
         系统找不到指定的路径。
         Moc'ing tcsinawebimptsourcedlg.h...
         系统找不到指定的路径。
         Moc'ing tcsinawebimptsource.h...
         系统找不到指定的路径。
         Moc'ing tcqianlongfileimptsource.h...
         系统找不到指定的路径。
         Moc'ing tcimptsource.h...
         系统找不到指定的路径。
         Moc'ing tcimptprogressdlg.h...
         系统找不到指定的路径。
         Moc'ing tcfxjfileimptsourcedlg.h...
         系统找不到指定的路径。
         Moc'ing tcfxjfileimptsource.h...
         系统找不到指定的路径。
         Moc'ing tcdataimptsetupdlg.h...
         系统找不到指定的路径。
         Moc'ing tcdataimpt.h...
         系统找不到指定的路径。
         Moc'ing tcweeklyviewwgt.h...
         系统找不到指定的路径。
         Moc'ing tcmainwnd.h...
         系统找不到指定的路径。
     1>C:\Program Files (x86)\MSBuild\Microsoft.Cpp\v4.0\V110\Microsoft.CppCommon.targets(172,5): error MSB6006: “cmd.exe”已退出，代码为 3。
     1>已完成生成项目“F:\CTP-MATLAB\src\tcstock\MyStock.vcxproj”(Build 个目标)的操作 - 失败。

生成失败。

已用时间 00:00:00.41
