f:\MATLAB_INVESTIGATE\engine\x64\Debug\cl.command.1.tlog
f:\MATLAB_INVESTIGATE\engine\x64\Debug\CL.read.1.tlog
f:\MATLAB_INVESTIGATE\engine\x64\Debug\CL.write.1.tlog
F:\MATLAB_INVESTIGATE\ENGINE\X64\DEBUG\ENGINE.DLL.EMBED.MANIFEST
F:\MATLAB_INVESTIGATE\ENGINE\X64\DEBUG\ENGINE.DLL.EMBED.MANIFEST.RES
F:\MATLAB_INVESTIGATE\ENGINE\X64\DEBUG\ENGINE.DLL.INTERMEDIATE.MANIFEST
f:\MATLAB_INVESTIGATE\engine\x64\Debug\engine.write.1.tlog
f:\MATLAB_INVESTIGATE\engine\x64\Debug\engine_manifest.rc
F:\MATLAB_INVESTIGATE\ENGINE\X64\DEBUG\HELPFUNCTION.OBJ
f:\MATLAB_INVESTIGATE\engine\x64\Debug\link.7292.read.1.tlog
f:\MATLAB_INVESTIGATE\engine\x64\Debug\link.7292.write.1.tlog
f:\MATLAB_INVESTIGATE\engine\x64\Debug\link.7292-cvtres.read.1.tlog
f:\MATLAB_INVESTIGATE\engine\x64\Debug\link.7292-cvtres.write.1.tlog
f:\MATLAB_INVESTIGATE\engine\x64\Debug\link.command.1.tlog
f:\MATLAB_INVESTIGATE\engine\x64\Debug\link.read.1.tlog
f:\MATLAB_INVESTIGATE\engine\x64\Debug\link.write.1.tlog
f:\MATLAB_INVESTIGATE\engine\x64\Debug\link-cvtres.read.1.tlog
f:\MATLAB_INVESTIGATE\engine\x64\Debug\link-cvtres.write.1.tlog
F:\MATLAB_INVESTIGATE\ENGINE\X64\DEBUG\MATLABENGINE.OBJ
f:\MATLAB_INVESTIGATE\engine\x64\Debug\mt.command.1.tlog
f:\MATLAB_INVESTIGATE\engine\x64\Debug\mt.read.1.tlog
f:\MATLAB_INVESTIGATE\engine\x64\Debug\mt.write.1.tlog
f:\MATLAB_INVESTIGATE\engine\x64\Debug\rc.command.1.tlog
f:\MATLAB_INVESTIGATE\engine\x64\Debug\rc.read.1.tlog
f:\MATLAB_INVESTIGATE\engine\x64\Debug\rc.write.1.tlog
F:\MATLAB_INVESTIGATE\ENGINE\X64\DEBUG\SMARTPOINTER.OBJ
f:\MATLAB_INVESTIGATE\engine\x64\Debug\vc100.idb
F:\MATLAB_INVESTIGATE\ENGINE\X64\DEBUG\VC100.PDB
F:\MATLAB_INVESTIGATE\X64\DEBUG\ENGINE.DLL
f:\MATLAB_INVESTIGATE\x64\Debug\engine.exp
F:\MATLAB_INVESTIGATE\X64\DEBUG\ENGINE.ILK
f:\MATLAB_INVESTIGATE\x64\Debug\engine.lib
F:\MATLAB_INVESTIGATE\X64\DEBUG\ENGINE.PDB
