生成启动时间为 2014/11/7 14:30:15。
     1>项目“F:\CTP-MATLAB\src\ConsoleApplication3\ConsoleApplication3.vcxproj”在节点 2 上(Build 个目标)。
     1>C:\Program Files (x86)\MSBuild\Microsoft.Cpp\v4.0\V110\Microsoft.CppBuild.targets(346,5): warning MSB8004: Output Directory does not end with a trailing slash.  This build instance will add the slash as it is required to allow proper evaluation of the Output Directory.
     1>InitializeBuildStatus:
         正在创建“Debug\ConsoleApplication3.unsuccessfulbuild”，因为已指定“AlwaysCreate”。
       ClCompile:
         D:\Microsoft Visual Studio 11.0\VC\bin\CL.exe /c /I"F:\CTP-MATLAB\src\QuantBox.C2CTP\include" /I"C:\Program Files (x86)\MySQL\Connector C++ 1.1.3\include" /ID:\boost_1_55_0 /I"C:\Program Files (x86)\MySQL\MySQL Server 5.6\include" /ZI /nologo /W3 /WX- /sdl /Od /Oy- /D BOOST_ALL_DYN_LINK /D WIN32 /D _DEBUG /D _CONSOLE /D _UNICODE /D UNICODE /Gm /EHsc /RTC1 /MDd /GS /fp:precise /Zc:wchar_t /Zc:forScope /Fo"Debug\\" /Fd"Debug\vc110.pdb" /Gd /TP /analyze- /errorReport:prompt main.cpp
         main.cpp
     1>f:\ctp-matlab\src\consoleapplication3\main.cpp(25): warning C4101: “res”: 未引用的局部变量
     1>f:\ctp-matlab\src\consoleapplication3\main.cpp(26): warning C4101: “row”: 未引用的局部变量
     1>f:\ctp-matlab\src\consoleapplication3\main.cpp(27): warning C4101: “field”: 未引用的局部变量
       Link:
         D:\Microsoft Visual Studio 11.0\VC\bin\link.exe /ERRORREPORT:PROMPT /OUT:"../../bin\ConsoleApplication3.exe" /INCREMENTAL /NOLOGO /LIBPATH:D:\Boost\lib kernel32.lib user32.lib gdi32.lib winspool.lib comdlg32.lib advapi32.lib shell32.lib ole32.lib oleaut32.lib uuid.lib odbc32.lib odbccp32.lib /MANIFEST /MANIFESTUAC:"level='asInvoker' uiAccess='false'" /manifest:embed /DEBUG /PDB:"../../bin\ConsoleApplication3.pdb" /SUBSYSTEM:CONSOLE /TLBID:1 /DYNAMICBASE /NXCOMPAT /IMPLIB:"../../bin\ConsoleApplication3.lib" /MACHINE:X86 Debug\main.obj
         ..\..\bin\libmysql.lib
         ConsoleApplication3.vcxproj -> F:\CTP-MATLAB\src\ConsoleApplication3\../../bin\ConsoleApplication3.exe
       FinalizeBuildStatus:
         正在删除文件“Debug\ConsoleApplication3.unsuccessfulbuild”。
         正在对“Debug\ConsoleApplication3.lastbuildstate”执行 Touch 任务。
     1>已完成生成项目“F:\CTP-MATLAB\src\ConsoleApplication3\ConsoleApplication3.vcxproj”(Build 个目标)的操作。

生成成功。

已用时间 00:00:04.89
