生成启动时间为 2016/12/13 10:56:14。
     1>项目“E:\CTP-MATLAB BAKUP\CTP-MATLAB\src\QuantBox\QuantBox.vcxproj”在节点 2 上(Build 个目标)。
     1>ClCompile:
         C:\Program Files (x86)\Microsoft Visual Studio 12.0\VC\bin\CL.exe /c /I./ /I./include /I./Database /I./Common /I./Interface /ID:\boost_1_55_0 /I"C:\Program Files (x86)\MySQL\MySQL Server 5.6\include" /ZI /nologo /W3 /WX- /Od /Oy- /D WIN32 /D _DEBUG /D _WINDOWS /D _USRDLL /D QUANTBOX_EXPORTS /D BOOST_ALL_DYN_LINK /D _CRT_SECURE_NO_WARNINGS /D __LCC__ /D __WIN__ /D _SCL_SECURE_NO_WARNINGS /D _WINDLL /D _UNICODE /D UNICODE /Gm /EHsc /RTC1 /MDd /GS /fp:precise /Zc:wchar_t /Zc:forScope /Fo"Debug\\" /Fd"Debug\vc120.pdb" /Gd /TP /analyze- /errorReport:prompt /wd4819 CTPCommonApi.cpp CTPLastInfos.cpp CTPMdApi.cpp CTPReqMsg.cpp CTPRspMsgQueue.cpp CTPTdApi.cpp Common\GlobalVars.cpp Common\logger.cpp Common\toolkit.cpp Database\CppMysql.cpp Database\TDSQLite.cpp MarketData.cpp QuantBoxApi.cpp TradeData.cpp
         TradeData.cpp
     1>e:\ctp-matlab bakup\ctp-matlab\src\quantbox\tradedata.cpp(4): fatal error C1083: 无法打开包括文件: “boost/algorithm/string.hpp”: No such file or directory
         QuantBoxApi.cpp
     1>e:\ctp-matlab bakup\ctp-matlab\src\quantbox\common\logger.h(5): fatal error C1083: 无法打开包括文件: “boost/shared_ptr.hpp”: No such file or directory
         MarketData.cpp
     1>e:\ctp-matlab bakup\ctp-matlab\src\quantbox\common\logger.h(5): fatal error C1083: 无法打开包括文件: “boost/shared_ptr.hpp”: No such file or directory
         TDSQLite.cpp
     1>e:\ctp-matlab bakup\ctp-matlab\src\quantbox\database\tdsqlite.cpp(6): fatal error C1083: 无法打开包括文件: “boost/algorithm/string.hpp”: No such file or directory
         CppMysql.cpp
     1>e:\ctp-matlab bakup\ctp-matlab\src\quantbox\database\cppmysql.h(7): fatal error C1083: 无法打开包括文件: “mysql.h”: No such file or directory
         toolkit.cpp
     1>e:\ctp-matlab bakup\ctp-matlab\src\quantbox\common\logger.h(5): fatal error C1083: 无法打开包括文件: “boost/shared_ptr.hpp”: No such file or directory
         logger.cpp
     1>e:\ctp-matlab bakup\ctp-matlab\src\quantbox\common\logger.h(5): fatal error C1083: 无法打开包括文件: “boost/shared_ptr.hpp”: No such file or directory
         GlobalVars.cpp
     1>e:\ctp-matlab bakup\ctp-matlab\src\quantbox\common\logger.h(5): fatal error C1083: 无法打开包括文件: “boost/shared_ptr.hpp”: No such file or directory
         CTPTdApi.cpp
     1>e:\ctp-matlab bakup\ctp-matlab\src\quantbox\ctptdapi.cpp(3): fatal error C1083: 无法打开包括文件: “boost/property_tree/ptree.hpp”: No such file or directory
         CTPRspMsgQueue.cpp
     1>e:\ctp-matlab bakup\ctp-matlab\src\quantbox\common\logger.h(5): fatal error C1083: 无法打开包括文件: “boost/shared_ptr.hpp”: No such file or directory
         CTPReqMsg.cpp
     1>e:\ctp-matlab bakup\ctp-matlab\src\quantbox\common\logger.h(5): fatal error C1083: 无法打开包括文件: “boost/shared_ptr.hpp”: No such file or directory
         CTPMdApi.cpp
     1>e:\ctp-matlab bakup\ctp-matlab\src\quantbox\ctpmdapi.cpp(8): fatal error C1083: 无法打开包括文件: “boost/scoped_array.hpp”: No such file or directory
         CTPLastInfos.cpp
     1>e:\ctp-matlab bakup\ctp-matlab\src\quantbox\ctplastinfos.cpp(3): fatal error C1083: 无法打开包括文件: “boost/filesystem.hpp”: No such file or directory
         CTPCommonApi.cpp
     1>e:\ctp-matlab bakup\ctp-matlab\src\quantbox\database\cppmysql.h(7): fatal error C1083: 无法打开包括文件: “mysql.h”: No such file or directory
         正在生成代码...
     1>已完成生成项目“E:\CTP-MATLAB BAKUP\CTP-MATLAB\src\QuantBox\QuantBox.vcxproj”(Build 个目标)的操作 - 失败。

生成失败。

已用时间 00:00:11.62
