生成启动时间为 2014/6/9 11:07:32。
     1>项目“F:\MATLAB_INVESTIGATE\engine\engine.vcxproj”在节点 2 上(Build 个目标)。
     1>InitializeBuildStatus:
         正在对“Win32\Debug\engine.unsuccessfulbuild”执行 Touch 任务。
       ClCompile:
         所有输出均为最新。
       Link:
         D:\Microsoft Visual Studio 11.0\VC\bin\link.exe /ERRORREPORT:PROMPT /OUT:"F:\MATLAB_INVESTIGATE\Win32\Debug\engine.dll" /INCREMENTAL /NOLOGO /LIBPATH:D:\MATLAB\R2011a\extern\lib\win32\microsoft libeng.lib libmx.lib libmat.lib kernel32.lib user32.lib gdi32.lib winspool.lib comdlg32.lib advapi32.lib shell32.lib ole32.lib oleaut32.lib uuid.lib odbc32.lib odbccp32.lib /MANIFEST /ManifestFile:"Win32\Debug\engine.dll.intermediate.manifest" /MANIFESTUAC:"level='asInvoker' uiAccess='false'" /DEBUG /PDB:"F:\MATLAB_INVESTIGATE\Win32\Debug\engine.pdb" /SUBSYSTEM:WINDOWS /TLBID:1 /DYNAMICBASE /NXCOMPAT /IMPLIB:"F:\MATLAB_INVESTIGATE\Win32\Debug\engine.lib" /MACHINE:X86 /DLL Win32\Debug\HelpFunction.obj
         Win32\Debug\MatlabEngine.obj
         Win32\Debug\SmartPointer.obj
            正在创建库 F:\MATLAB_INVESTIGATE\Win32\Debug\engine.lib 和对象 F:\MATLAB_INVESTIGATE\Win32\Debug\engine.exp
         engine.vcxproj -> F:\MATLAB_INVESTIGATE\Win32\Debug\engine.dll
       Manifest:
         C:\Program Files (x86)\Windows Kits\8.0\bin\x86\mt.exe /nologo /verbose /out:"F:\MATLAB_INVESTIGATE\Win32\Debug\engine.dll.manifest" /manifest Win32\Debug\engine.dll.intermediate.manifest
       FinalizeBuildStatus:
         正在删除文件“Win32\Debug\engine.unsuccessfulbuild”。
         正在对“Win32\Debug\engine.lastbuildstate”执行 Touch 任务。
     1>已完成生成项目“F:\MATLAB_INVESTIGATE\engine\engine.vcxproj”(Build 个目标)的操作。

生成成功。

已用时间 00:00:00.87
