F:\MATLAB_INVESTIGATE\engine\Win32\Debug\cl.command.1.tlog
F:\MATLAB_INVESTIGATE\engine\Win32\Debug\CL.read.1.tlog
F:\MATLAB_INVESTIGATE\engine\Win32\Debug\CL.write.1.tlog
F:\MATLAB_INVESTIGATE\engine\Win32\Debug\engine.dll.embed.manifest
F:\MATLAB_INVESTIGATE\ENGINE\WIN32\DEBUG\ENGINE.DLL.EMBED.MANIFEST.RES
F:\MATLAB_INVESTIGATE\ENGINE\WIN32\DEBUG\ENGINE.DLL.INTERMEDIATE.MANIFEST
F:\MATLAB_INVESTIGATE\engine\Win32\Debug\engine.vcxprojResolveAssemblyReference.cache
F:\MATLAB_INVESTIGATE\engine\Win32\Debug\engine.write.1.tlog
F:\MATLAB_INVESTIGATE\engine\Win32\Debug\engine_manifest.rc
F:\MATLAB_INVESTIGATE\ENGINE\WIN32\DEBUG\HELPFUNCTION.OBJ
F:\MATLAB_INVESTIGATE\engine\Win32\Debug\link.3088.read.1.tlog
F:\MATLAB_INVESTIGATE\engine\Win32\Debug\link.3088.write.1.tlog
F:\MATLAB_INVESTIGATE\engine\Win32\Debug\link.3340.read.1.tlog
F:\MATLAB_INVESTIGATE\engine\Win32\Debug\link.3340.write.1.tlog
F:\MATLAB_INVESTIGATE\engine\Win32\Debug\link.3460.read.1.tlog
F:\MATLAB_INVESTIGATE\engine\Win32\Debug\link.3460.write.1.tlog
F:\MATLAB_INVESTIGATE\engine\Win32\Debug\link.3512.read.1.tlog
F:\MATLAB_INVESTIGATE\engine\Win32\Debug\link.3512.write.1.tlog
F:\MATLAB_INVESTIGATE\engine\Win32\Debug\link.3540.read.1.tlog
F:\MATLAB_INVESTIGATE\engine\Win32\Debug\link.3540.write.1.tlog
F:\MATLAB_INVESTIGATE\engine\Win32\Debug\link.4324.read.1.tlog
F:\MATLAB_INVESTIGATE\engine\Win32\Debug\link.4324.write.1.tlog
F:\MATLAB_INVESTIGATE\engine\Win32\Debug\link.4588.read.1.tlog
F:\MATLAB_INVESTIGATE\engine\Win32\Debug\link.4588.write.1.tlog
F:\MATLAB_INVESTIGATE\engine\Win32\Debug\link.5184.read.1.tlog
F:\MATLAB_INVESTIGATE\engine\Win32\Debug\link.5184.write.1.tlog
F:\MATLAB_INVESTIGATE\engine\Win32\Debug\link.5856.read.1.tlog
F:\MATLAB_INVESTIGATE\engine\Win32\Debug\link.5856.write.1.tlog
F:\MATLAB_INVESTIGATE\engine\Win32\Debug\link.6504.read.1.tlog
F:\MATLAB_INVESTIGATE\engine\Win32\Debug\link.6504.write.1.tlog
F:\MATLAB_INVESTIGATE\engine\Win32\Debug\link.6856.read.1.tlog
F:\MATLAB_INVESTIGATE\engine\Win32\Debug\link.6856.write.1.tlog
F:\MATLAB_INVESTIGATE\engine\Win32\Debug\link.7504.read.1.tlog
F:\MATLAB_INVESTIGATE\engine\Win32\Debug\link.7504.write.1.tlog
F:\MATLAB_INVESTIGATE\engine\Win32\Debug\link.7696.read.1.tlog
F:\MATLAB_INVESTIGATE\engine\Win32\Debug\link.7696.write.1.tlog
F:\MATLAB_INVESTIGATE\engine\Win32\Debug\link.7916.read.1.tlog
F:\MATLAB_INVESTIGATE\engine\Win32\Debug\link.7916.write.1.tlog
F:\MATLAB_INVESTIGATE\engine\Win32\Debug\link.8248.read.1.tlog
F:\MATLAB_INVESTIGATE\engine\Win32\Debug\link.8248.write.1.tlog
F:\MATLAB_INVESTIGATE\engine\Win32\Debug\link.8408.read.1.tlog
F:\MATLAB_INVESTIGATE\engine\Win32\Debug\link.8408.write.1.tlog
F:\MATLAB_INVESTIGATE\engine\Win32\Debug\link.9348.read.1.tlog
F:\MATLAB_INVESTIGATE\engine\Win32\Debug\link.9348.write.1.tlog
F:\MATLAB_INVESTIGATE\engine\Win32\Debug\link.command.1.tlog
F:\MATLAB_INVESTIGATE\engine\Win32\Debug\link.read.1.tlog
F:\MATLAB_INVESTIGATE\engine\Win32\Debug\link.write.1.tlog
F:\MATLAB_INVESTIGATE\ENGINE\WIN32\DEBUG\MATLABENGINE.OBJ
F:\MATLAB_INVESTIGATE\engine\Win32\Debug\mt.command.1.tlog
F:\MATLAB_INVESTIGATE\engine\Win32\Debug\mt.read.1.tlog
F:\MATLAB_INVESTIGATE\engine\Win32\Debug\mt.write.1.tlog
F:\MATLAB_INVESTIGATE\engine\Win32\Debug\rc.command.1.tlog
F:\MATLAB_INVESTIGATE\engine\Win32\Debug\rc.read.1.tlog
F:\MATLAB_INVESTIGATE\engine\Win32\Debug\rc.write.1.tlog
F:\MATLAB_INVESTIGATE\ENGINE\WIN32\DEBUG\SMARTPOINTER.OBJ
F:\MATLAB_INVESTIGATE\engine\Win32\Debug\vc100.idb
F:\MATLAB_INVESTIGATE\ENGINE\WIN32\DEBUG\VC100.PDB
F:\MATLAB_INVESTIGATE\WIN32\DEBUG\ENGINE.DLL
F:\MATLAB_INVESTIGATE\WIN32\DEBUG\ENGINE.DLL.MANIFEST
F:\MATLAB_INVESTIGATE\Win32\Debug\engine.exp
F:\MATLAB_INVESTIGATE\WIN32\DEBUG\ENGINE.ILK
F:\MATLAB_INVESTIGATE\Win32\Debug\engine.lib
F:\MATLAB_INVESTIGATE\WIN32\DEBUG\ENGINE.PDB
